Unity Editor version:    2021.2.9f1 (921b45a28ab6)
Branch:                  2021.2/staging
Build type:              Release
Batch mode:              YES
macOS version:           Version 12.2 (Build 21D49)
Darwin version:          21.3.0
Architecture:            x86_64
Running under Rosetta:   NO
Available memory:        8192 MB
Using pre-set license
Pro License: NO

COMMAND LINE ARGUMENTS:
/Volumes/T7 Touch/Unity/Hub/Editor/2021.2.9f1/Unity.app/Contents/MacOS/Unity
-adb2
-batchMode
-noUpm
-name
AssetImportWorker0
-projectPath
/Users/amirfarzadnilizadeh/Documents/Unity/DualityGGJ2022--director-cut-XD-
-logFile
Logs/AssetImportWorker0.log
-srvPort
55502
Successfully changed project path to: /Users/amirfarzadnilizadeh/Documents/Unity/DualityGGJ2022--director-cut-XD-
/Users/amirfarzadnilizadeh/Documents/Unity/DualityGGJ2022--director-cut-XD-
[UnityMemory] Configuration Parameters - Can be set up in boot.config
    "memorysetup-bucket-allocator-granularity=16"
    "memorysetup-bucket-allocator-bucket-count=8"
    "memorysetup-bucket-allocator-block-size=33554432"
    "memorysetup-bucket-allocator-block-count=8"
    "memorysetup-main-allocator-block-size=16777216"
    "memorysetup-thread-allocator-block-size=16777216"
    "memorysetup-gfx-main-allocator-block-size=16777216"
    "memorysetup-gfx-thread-allocator-block-size=16777216"
    "memorysetup-cache-allocator-block-size=4194304"
    "memorysetup-typetree-allocator-block-size=2097152"
    "memorysetup-profiler-bucket-allocator-granularity=16"
    "memorysetup-profiler-bucket-allocator-bucket-count=8"
    "memorysetup-profiler-bucket-allocator-block-size=33554432"
    "memorysetup-profiler-bucket-allocator-block-count=8"
    "memorysetup-profiler-allocator-block-size=16777216"
    "memorysetup-profiler-editor-allocator-block-size=1048576"
    "memorysetup-temp-allocator-size-main=16777216"
    "memorysetup-job-temp-allocator-block-size=2097152"
    "memorysetup-job-temp-allocator-block-size-background=1048576"
    "memorysetup-job-temp-allocator-reduction-small-platforms=262144"
    "memorysetup-temp-allocator-size-background-worker=32768"
    "memorysetup-temp-allocator-size-job-worker=262144"
    "memorysetup-temp-allocator-size-preload-manager=33554432"
    "memorysetup-temp-allocator-size-nav-mesh-worker=65536"
    "memorysetup-temp-allocator-size-audio-worker=65536"
    "memorysetup-temp-allocator-size-cloud-worker=32768"
    "memorysetup-temp-allocator-size-gi-baking-worker=262144"
    "memorysetup-temp-allocator-size-gfx=262144"
Refreshing native plugins compatible for Editor in 68.93 ms, found 3 plugins.
Preloading 0 native plugins for Editor in 0.00 ms.
Initialize engine version: 2021.2.9f1 (921b45a28ab6)
[Subsystems] Discovering subsystems at path /Volumes/T7 Touch/Unity/Hub/Editor/2021.2.9f1/Unity.app/Contents/Resources/UnitySubsystems
[Subsystems] Discovering subsystems at path /Users/amirfarzadnilizadeh/Documents/Unity/DualityGGJ2022--director-cut-XD-/Assets
GfxDevice: creating device client; threaded=0; jobified=0
Color LCD preferred device: Intel(R) Iris(TM) Graphics 6000 (low power)
Metal devices available: 1
0: Intel(R) Iris(TM) Graphics 6000 (low power)
Using device Intel(R) Iris(TM) Graphics 6000 (low power)
Initializing Metal device caps: Intel(R) Iris(TM) Graphics 6000
Initialize mono
Mono path[0] = '/Volumes/T7 Touch/Unity/Hub/Editor/2021.2.9f1/Unity.app/Contents/Managed'
Mono path[1] = '/Volumes/T7 Touch/Unity/Hub/Editor/2021.2.9f1/Unity.app/Contents/MonoBleedingEdge/lib/mono/unityjit-macos'
Mono config path = '/Volumes/T7 Touch/Unity/Hub/Editor/2021.2.9f1/Unity.app/Contents/MonoBleedingEdge/etc'
Using monoOptions --debugger-agent=transport=dt_socket,embedding=1,server=y,suspend=n,address=127.0.0.1:56935
Begin MonoManager ReloadAssembly
Registering precompiled unity dll's ...
Register platform support module: /Volumes/T7 Touch/Unity/Hub/Editor/2021.2.9f1/PlaybackEngines/WebGLSupport/UnityEditor.WebGL.Extensions.dll
Register platform support module: /Volumes/T7 Touch/Unity/Hub/Editor/2021.2.9f1/Unity.app/Contents/PlaybackEngines/MacStandaloneSupport/UnityEditor.OSXStandalone.Extensions.dll
Register platform support module: /Volumes/T7 Touch/Unity/Hub/Editor/2021.2.9f1/PlaybackEngines/WindowsStandaloneSupport/UnityEditor.WindowsStandalone.Extensions.dll
Registered in 0.003864 seconds.
Native extension for WindowsStandalone target not found
Native extension for OSXStandalone target not found
Native extension for WebGL target not found
Refreshing native plugins compatible for Editor in 63.76 ms, found 3 plugins.
Preloading 0 native plugins for Editor in 0.00 ms.
Mono: successfully reloaded assembly
- Completed reload, in  1.136 seconds
Domain Reload Profiling:
	ReloadAssembly (1136ms)
		BeginReloadAssembly (251ms)
			ExecutionOrderSort (0ms)
			DisableScriptedObjects (0ms)
			BackupInstance (0ms)
			ReleaseScriptingObjects (0ms)
			CreateAndSetChildDomain (1ms)
		EndReloadAssembly (756ms)
			LoadAssemblies (257ms)
			RebuildTransferFunctionScriptingTraits (0ms)
			SetupTypeCache (210ms)
			ReleaseScriptCaches (0ms)
			RebuildScriptCaches (47ms)
			SetupLoadedEditorAssemblies (413ms)
				LogAssemblyErrors (0ms)
				InitializePlatformSupportModulesInManaged (22ms)
				SetLoadedEditorAssemblies (1ms)
				RefreshPlugins (64ms)
				BeforeProcessingInitializeOnLoad (2ms)
				ProcessInitializeOnLoadAttributes (248ms)
				ProcessInitializeOnLoadMethodAttributes (76ms)
				AfterProcessingInitializeOnLoad (0ms)
				EditorAssembliesLoaded (0ms)
			ExecutionOrderSort2 (0ms)
			AwakeInstancesAfterBackupRestoration (0ms)
Platform modules already initialized, skipping
Registering precompiled user dll's ...
Registered in 0.028379 seconds.
Begin MonoManager ReloadAssembly
Native extension for WindowsStandalone target not found
Native extension for OSXStandalone target not found
Native extension for WebGL target not found
Refreshing native plugins compatible for Editor in 91.67 ms, found 3 plugins.
Preloading 0 native plugins for Editor in 0.00 ms.
Mono: successfully reloaded assembly
- Completed reload, in  4.453 seconds
Domain Reload Profiling:
	ReloadAssembly (4455ms)
		BeginReloadAssembly (282ms)
			ExecutionOrderSort (0ms)
			DisableScriptedObjects (24ms)
			BackupInstance (0ms)
			ReleaseScriptingObjects (0ms)
			CreateAndSetChildDomain (55ms)
		EndReloadAssembly (3699ms)
			LoadAssemblies (239ms)
			RebuildTransferFunctionScriptingTraits (0ms)
			SetupTypeCache (754ms)
			ReleaseScriptCaches (1ms)
			RebuildScriptCaches (208ms)
			SetupLoadedEditorAssemblies (2279ms)
				LogAssemblyErrors (0ms)
				InitializePlatformSupportModulesInManaged (29ms)
				SetLoadedEditorAssemblies (0ms)
				RefreshPlugins (92ms)
				BeforeProcessingInitializeOnLoad (188ms)
				ProcessInitializeOnLoadAttributes (1901ms)
				ProcessInitializeOnLoadMethodAttributes (68ms)
				AfterProcessingInitializeOnLoad (1ms)
				EditorAssembliesLoaded (0ms)
			ExecutionOrderSort2 (0ms)
			AwakeInstancesAfterBackupRestoration (7ms)
Platform modules already initialized, skipping
========================================================================
Worker process is ready to serve import requests
Launching external process: /Volumes/T7 Touch/Unity/Hub/Editor/2021.2.9f1/Unity.app/Contents/Tools/UnityShaderCompiler
Launched and connected shader compiler UnityShaderCompiler after 0.10 seconds
Refreshing native plugins compatible for Editor in 1.05 ms, found 3 plugins.
Preloading 0 native plugins for Editor in 0.00 ms.
Unloading 2324 Unused Serialized files (Serialized files now loaded: 0)
Unloading 33 unused Assets / (43.6 KB). Loaded Objects now: 2784.
Memory consumption went from 204.6 MB to 204.6 MB.
Total: 8.796192 ms (FindLiveObjects: 0.341675 ms CreateObjectMapping: 0.401480 ms MarkObjects: 7.954855 ms  DeleteObjects: 0.096473 ms)

AssetImportParameters requested are different than current active one (requested -> active):
  custom:video-decoder-ogg-theora: a1e56fd34408186e4bbccfd4996cb3dc -> 
  custom:container-muxer-webm: aa71ff27fc2769a1b78a27578f13a17b -> 
  custom:container-demuxer-webm: 4f35f7cbe854078d1ac9338744f61a02 -> 
  custom:video-encoder-webm-vp8: eb34c28f22e8b96e1ab97ce403110664 -> 
  custom:framework-osx-AVFoundation: e770b220cccbd017edd2c1fefb359320 -> 
  custom:audio-encoder-webm-vorbis: bf7c407c2cedff20999df2af8eb42d56 -> 
  custom:container-demuxer-ogg: 62fdf1f143b41e24485cea50d1cbac27 -> 
  custom:video-decoder-webm-vp8: 9c59270c3fd7afecdb556c50c9e8de78 -> 
  custom:audio-decoder-ogg-vorbis: bf7c407c2cedff20999df2af8eb42d56 -> 
========================================================================
Received Import Request.
  Time since last request: 27155.459369 seconds.
  path: Assets/Scripts/EnemyFollows.cs
  artifactKey: Guid(5f05796c5c52d1b4cad6e2431a09c373) Importer(815301076,1909f56bfc062723c751e8b465ee728b)
Start importing Assets/Scripts/EnemyFollows.cs using Guid(5f05796c5c52d1b4cad6e2431a09c373) Importer(815301076,1909f56bfc062723c751e8b465ee728b)  -> (artifact id: '2311e91ffeab77e6660f1f4ffc1bc045') in 0.435843 seconds 
========================================================================
Received Import Request.
  Time since last request: 132.098218 seconds.
  path: Assets/Camfollow.cs
  artifactKey: Guid(6999b2577804e3349bbc2f7a4fac1c4f) Importer(2089858483,934ff659095e30574adcf32a4c2f97b5)
Start importing Assets/Camfollow.cs using Guid(6999b2577804e3349bbc2f7a4fac1c4f) Importer(2089858483,934ff659095e30574adcf32a4c2f97b5)  -> (artifact id: 'e8fc1f476956d037bea3ba62ef9c9a17') in 0.157919 seconds 
========================================================================
Received Import Request.
  Time since last request: 0.000409 seconds.
  path: Assets/Scenes/SampleScene.unity
  artifactKey: Guid(2cda990e2423bbf4892e6590ba056729) Importer(2089858483,934ff659095e30574adcf32a4c2f97b5)
Start importing Assets/Scenes/SampleScene.unity using Guid(2cda990e2423bbf4892e6590ba056729) Importer(2089858483,934ff659095e30574adcf32a4c2f97b5)  -> (artifact id: '52c6db1cc1b9cb68feb40c9c14099eaf') in 0.017463 seconds 
========================================================================
Received Import Request.
  Time since last request: 0.003992 seconds.
  path: Assets/Sprites/circle.png
  artifactKey: Guid(8543ca49ebeb6134b8d72af93a0fac61) Importer(2089858483,934ff659095e30574adcf32a4c2f97b5)
Start importing Assets/Sprites/circle.png using Guid(8543ca49ebeb6134b8d72af93a0fac61) Importer(2089858483,934ff659095e30574adcf32a4c2f97b5)  -> (artifact id: 'd3565227a54437913689a9b37992d4a0') in 0.462639 seconds 
========================================================================
Received Import Request.
  Time since last request: 0.000457 seconds.
  path: Assets/Sprites/ground_line.png
  artifactKey: Guid(8130b48573e452c45a727ac957b98efa) Importer(2089858483,934ff659095e30574adcf32a4c2f97b5)
Start importing Assets/Sprites/ground_line.png using Guid(8130b48573e452c45a727ac957b98efa) Importer(2089858483,934ff659095e30574adcf32a4c2f97b5)  -> (artifact id: '78a29751778a7465c380b3ec79d250f3') in 0.036435 seconds 
========================================================================
Received Import Request.
  Time since last request: 0.000430 seconds.
  path: Assets/Sprites/TEXTS/ENTER.png
  artifactKey: Guid(e6623dbeae4c64a199993ae54c69a01f) Importer(2089858483,934ff659095e30574adcf32a4c2f97b5)
Start importing Assets/Sprites/TEXTS/ENTER.png using Guid(e6623dbeae4c64a199993ae54c69a01f) Importer(2089858483,934ff659095e30574adcf32a4c2f97b5)  -> (artifact id: '0023d186d1856ad07d3ff056ab7867cd') in 0.014246 seconds 
========================================================================
Received Import Request.
  Time since last request: 0.000104 seconds.
  path: Assets/Sprites/TEXTS/CONTROL.png
  artifactKey: Guid(94574856d359d44dda230ca8173d38ef) Importer(2089858483,934ff659095e30574adcf32a4c2f97b5)
Start importing Assets/Sprites/TEXTS/CONTROL.png using Guid(94574856d359d44dda230ca8173d38ef) Importer(2089858483,934ff659095e30574adcf32a4c2f97b5)  -> (artifact id: '1722c45030202273eaf285b0042c4f9f') in 0.025185 seconds 
========================================================================
Received Import Request.
  Time since last request: 0.000428 seconds.
  path: Assets/Sprites/Start/22.jpg
  artifactKey: Guid(fdf6b5de215888b42b75b03356e2282e) Importer(2089858483,934ff659095e30574adcf32a4c2f97b5)
Start importing Assets/Sprites/Start/22.jpg using Guid(fdf6b5de215888b42b75b03356e2282e) Importer(2089858483,934ff659095e30574adcf32a4c2f97b5)  -> (artifact id: 'f324813e59ac219318520e8b61d62049') in 0.324988 seconds 
========================================================================
Received Import Request.
  Time since last request: 0.000110 seconds.
  path: Assets/Sprites/Start/1.jpg
  artifactKey: Guid(a17492a57aa817242a89f9f8acc033e4) Importer(2089858483,934ff659095e30574adcf32a4c2f97b5)
Start importing Assets/Sprites/Start/1.jpg using Guid(a17492a57aa817242a89f9f8acc033e4) Importer(2089858483,934ff659095e30574adcf32a4c2f97b5)  -> (artifact id: 'abf1f0d1461c68c0765ec9aa16a20587') in 0.013961 seconds 
========================================================================
Received Import Request.
  Time since last request: 0.000083 seconds.
  path: Assets/Prefab/player.prefab
  artifactKey: Guid(f74b1fbb511de5248b68708d0183be66) Importer(2089858483,934ff659095e30574adcf32a4c2f97b5)
Start importing Assets/Prefab/player.prefab using Guid(f74b1fbb511de5248b68708d0183be66) Importer(2089858483,934ff659095e30574adcf32a4c2f97b5)  -> (artifact id: '9b971008eacad5cec4743f0b91758588') in 0.396088 seconds 
========================================================================
Received Import Request.
  Time since last request: 0.001589 seconds.
  path: Assets/Scenes/Start.unity
  artifactKey: Guid(8471d0e31d2e8e64580b29865ccc90ee) Importer(2089858483,934ff659095e30574adcf32a4c2f97b5)
Start importing Assets/Scenes/Start.unity using Guid(8471d0e31d2e8e64580b29865ccc90ee) Importer(2089858483,934ff659095e30574adcf32a4c2f97b5)  -> (artifact id: '543aeec5b3cdbd5bf4a89ee3426a7927') in 0.033043 seconds 
========================================================================
Received Import Request.
  Time since last request: 0.000112 seconds.
  path: Assets/Sprites/Boxes.png
  artifactKey: Guid(9a4da992881f84941b030363ac13f41b) Importer(2089858483,934ff659095e30574adcf32a4c2f97b5)
Start importing Assets/Sprites/Boxes.png using Guid(9a4da992881f84941b030363ac13f41b) Importer(2089858483,934ff659095e30574adcf32a4c2f97b5)  -> (artifact id: '2af7ce2216617eeba62b6607fe262220') in 0.035719 seconds 
========================================================================
Received Import Request.
  Time since last request: 0.000212 seconds.
  path: Assets/Material/New Physics Material 2D.physicsMaterial2D
  artifactKey: Guid(09021a533372a5243871f08a82de2e13) Importer(2089858483,934ff659095e30574adcf32a4c2f97b5)
Start importing Assets/Material/New Physics Material 2D.physicsMaterial2D using Guid(09021a533372a5243871f08a82de2e13) Importer(2089858483,934ff659095e30574adcf32a4c2f97b5)  -> (artifact id: 'd5be6b8c1b682904590366e3ad5cbc8a') in 0.286852 seconds 
========================================================================
Received Import Request.
  Time since last request: 0.000137 seconds.
  path: Assets/Sprites/grave_1.png
  artifactKey: Guid(2ee37cac5cf8d402691fc36a7ec012a0) Importer(2089858483,934ff659095e30574adcf32a4c2f97b5)
Start importing Assets/Sprites/grave_1.png using Guid(2ee37cac5cf8d402691fc36a7ec012a0) Importer(2089858483,934ff659095e30574adcf32a4c2f97b5)  -> (artifact id: 'bcc0cd5f4988c8dff8e7aac8867fca53') in 0.016478 seconds 
========================================================================
Received Import Request.
  Time since last request: 0.000097 seconds.
  path: Assets/Sprites/ground_line 1.png
  artifactKey: Guid(be66777e861cd46dbb833f757b45e6b8) Importer(2089858483,934ff659095e30574adcf32a4c2f97b5)
Start importing Assets/Sprites/ground_line 1.png using Guid(be66777e861cd46dbb833f757b45e6b8) Importer(2089858483,934ff659095e30574adcf32a4c2f97b5)  -> (artifact id: 'bf2924e2ec9e13a9284bbd4056aefd59') in 0.017937 seconds 
========================================================================
Received Import Request.
  Time since last request: 0.000097 seconds.
  path: Assets/Sprites/grave_2.png
  artifactKey: Guid(461d4bfdbeb8b4b11948fd9f48942cd6) Importer(2089858483,934ff659095e30574adcf32a4c2f97b5)
Start importing Assets/Sprites/grave_2.png using Guid(461d4bfdbeb8b4b11948fd9f48942cd6) Importer(2089858483,934ff659095e30574adcf32a4c2f97b5)  -> (artifact id: '56246c4f4a9e98ee0eea87998abbcf3b') in 0.056094 seconds 
========================================================================
Received Import Request.
  Time since last request: 0.000288 seconds.
  path: Assets/Scripts/StartHandler.cs
  artifactKey: Guid(d3c60f40459b5084d8cb19abbe99e861) Importer(2089858483,934ff659095e30574adcf32a4c2f97b5)
Start importing Assets/Scripts/StartHandler.cs using Guid(d3c60f40459b5084d8cb19abbe99e861) Importer(2089858483,934ff659095e30574adcf32a4c2f97b5)  -> (artifact id: 'b1089e863d3ef1232147dfa7927668ef') in 0.008808 seconds 
========================================================================
Received Import Request.
  Time since last request: 0.000090 seconds.
  path: Assets/Sprites/Start/3.2.jpg
  artifactKey: Guid(50340860f2357be459ff5579cee98ec9) Importer(2089858483,934ff659095e30574adcf32a4c2f97b5)
Start importing Assets/Sprites/Start/3.2.jpg using Guid(50340860f2357be459ff5579cee98ec9) Importer(2089858483,934ff659095e30574adcf32a4c2f97b5)  -> (artifact id: '7f21d7b20fab295079f06a8ef009dd42') in 0.021780 seconds 
========================================================================
Received Import Request.
  Time since last request: 0.000739 seconds.
  path: Assets/Sprites/Tree.png
  artifactKey: Guid(aa67fb777908b094c86c8c76de334748) Importer(2089858483,934ff659095e30574adcf32a4c2f97b5)
Start importing Assets/Sprites/Tree.png using Guid(aa67fb777908b094c86c8c76de334748) Importer(2089858483,934ff659095e30574adcf32a4c2f97b5)  -> (artifact id: '0f2a6f5aa590c875d7cf55bd49fa76d2') in 0.042086 seconds 
========================================================================
Received Import Request.
  Time since last request: 0.000105 seconds.
  path: Assets/Sprites/Walking/6.png
  artifactKey: Guid(a7c32fcf40061244b9f58dd19712f776) Importer(2089858483,934ff659095e30574adcf32a4c2f97b5)
Start importing Assets/Sprites/Walking/6.png using Guid(a7c32fcf40061244b9f58dd19712f776) Importer(2089858483,934ff659095e30574adcf32a4c2f97b5)  -> (artifact id: 'afc4c742bac08150223df3b48f821fe2') in 0.041353 seconds 
========================================================================
Received Import Request.
  Time since last request: 0.000119 seconds.
  path: Assets/Sprites/TEXTS/exit.png
  artifactKey: Guid(d266b64f07e314187930f53ee145fc89) Importer(2089858483,934ff659095e30574adcf32a4c2f97b5)
Start importing Assets/Sprites/TEXTS/exit.png using Guid(d266b64f07e314187930f53ee145fc89) Importer(2089858483,934ff659095e30574adcf32a4c2f97b5)  -> (artifact id: 'abc3e2c1b72e1e871e46bb6b5ecf5f4e') in 0.017988 seconds 
========================================================================
Received Import Request.
  Time since last request: 0.000141 seconds.
  path: Assets/Sprites/TEXTS/about.png
  artifactKey: Guid(140cede8d618d4e668f769124caf889f) Importer(2089858483,934ff659095e30574adcf32a4c2f97b5)
Start importing Assets/Sprites/TEXTS/about.png using Guid(140cede8d618d4e668f769124caf889f) Importer(2089858483,934ff659095e30574adcf32a4c2f97b5)  -> (artifact id: '06eb242a7b51623680ef3352c8ddf6f3') in 0.014735 seconds 
========================================================================
Received Import Request.
  Time since last request: 0.000165 seconds.
  path: Assets/Sprites/enemy.png
  artifactKey: Guid(f2f0e56dcd2970b438221ff9d365d4ae) Importer(2089858483,934ff659095e30574adcf32a4c2f97b5)
Start importing Assets/Sprites/enemy.png using Guid(f2f0e56dcd2970b438221ff9d365d4ae) Importer(2089858483,934ff659095e30574adcf32a4c2f97b5)  -> (artifact id: 'b633a9c671d384b3ed7055d4c6ff5dce') in 0.024652 seconds 
========================================================================
Received Import Request.
  Time since last request: 0.000079 seconds.
  path: Assets/Scripts/PrologueManager.cs
  artifactKey: Guid(eea1669e05003a845983c554de746042) Importer(2089858483,934ff659095e30574adcf32a4c2f97b5)
Start importing Assets/Scripts/PrologueManager.cs using Guid(eea1669e05003a845983c554de746042) Importer(2089858483,934ff659095e30574adcf32a4c2f97b5)  -> (artifact id: '97b3cd24b8dbcdb792fc1b07a6ab0b15') in 0.021976 seconds 
========================================================================
Received Import Request.
  Time since last request: 0.000100 seconds.
  path: Assets/Sprites/Front.png
  artifactKey: Guid(251dcb9e8245644b196b0ee1af5ad554) Importer(2089858483,934ff659095e30574adcf32a4c2f97b5)
Start importing Assets/Sprites/Front.png using Guid(251dcb9e8245644b196b0ee1af5ad554) Importer(2089858483,934ff659095e30574adcf32a4c2f97b5)  -> (artifact id: '4d16cd4408ad885b56235bb8a81da631') in 0.025119 seconds 
========================================================================
Received Import Request.
  Time since last request: 0.000085 seconds.
  path: Assets/Scripts/PlayerController.cs
  artifactKey: Guid(82b85ba1c64934648b2ea8152fd4b9c2) Importer(2089858483,934ff659095e30574adcf32a4c2f97b5)
Start importing Assets/Scripts/PlayerController.cs using Guid(82b85ba1c64934648b2ea8152fd4b9c2) Importer(2089858483,934ff659095e30574adcf32a4c2f97b5)  -> (artifact id: '20bade457041692ea33120baa2d637a3') in 0.008753 seconds 
========================================================================
Received Import Request.
  Time since last request: 0.002699 seconds.
  path: Assets/Sprites/Spikes.png
  artifactKey: Guid(1bb9bfd9b31ffaa4fa11cdb38fb48191) Importer(2089858483,934ff659095e30574adcf32a4c2f97b5)
Start importing Assets/Sprites/Spikes.png using Guid(1bb9bfd9b31ffaa4fa11cdb38fb48191) Importer(2089858483,934ff659095e30574adcf32a4c2f97b5)  -> (artifact id: 'a727d01d02ccd973d227f320dfcb16e7') in 0.033237 seconds 
========================================================================
Received Import Request.
  Time since last request: 0.000092 seconds.
  path: Assets/Sprites/Walking/5.png
  artifactKey: Guid(3a0ed6c0914b2ab4193271c3cf5bf972) Importer(2089858483,934ff659095e30574adcf32a4c2f97b5)
Start importing Assets/Sprites/Walking/5.png using Guid(3a0ed6c0914b2ab4193271c3cf5bf972) Importer(2089858483,934ff659095e30574adcf32a4c2f97b5)  -> (artifact id: 'e89e2b03b9a3662da68a47453b895e08') in 0.035916 seconds 
========================================================================
Received Import Request.
  Time since last request: 0.000124 seconds.
  path: Assets/Prefab/followingEnergy.prefab
  artifactKey: Guid(6fc12ba4cb7dd074eb7a3f20c42e98d4) Importer(2089858483,934ff659095e30574adcf32a4c2f97b5)
Start importing Assets/Prefab/followingEnergy.prefab using Guid(6fc12ba4cb7dd074eb7a3f20c42e98d4) Importer(2089858483,934ff659095e30574adcf32a4c2f97b5)  -> (artifact id: '997eb029abb23f7cb7ebd2297c26ddf6') in 0.037332 seconds 
========================================================================
Received Import Request.
  Time since last request: 0.000083 seconds.
  path: Assets/Sprites/Walking/7.png
  artifactKey: Guid(a68570089ccf5884f9a9d65049353bd0) Importer(2089858483,934ff659095e30574adcf32a4c2f97b5)
Start importing Assets/Sprites/Walking/7.png using Guid(a68570089ccf5884f9a9d65049353bd0) Importer(2089858483,934ff659095e30574adcf32a4c2f97b5)  -> (artifact id: 'f283d815a5c5f3d9b54f119e1527eab8') in 0.034622 seconds 
========================================================================
Received Import Request.
  Time since last request: 0.000123 seconds.
  path: Assets/Sprites/Start/start.png
  artifactKey: Guid(d00a1ad4b5cda8c4da39d3326d812021) Importer(2089858483,934ff659095e30574adcf32a4c2f97b5)
Start importing Assets/Sprites/Start/start.png using Guid(d00a1ad4b5cda8c4da39d3326d812021) Importer(2089858483,934ff659095e30574adcf32a4c2f97b5)  -> (artifact id: 'ca64b61c2f37b809718ad66ce7ec6a3d') in 0.024869 seconds 
========================================================================
Received Import Request.
  Time since last request: 0.000096 seconds.
  path: Assets/Animation/Walk.anim
  artifactKey: Guid(04be2223ccf9af34c95342f9275edd70) Importer(2089858483,934ff659095e30574adcf32a4c2f97b5)
Start importing Assets/Animation/Walk.anim using Guid(04be2223ccf9af34c95342f9275edd70) Importer(2089858483,934ff659095e30574adcf32a4c2f97b5)  -> (artifact id: '5fcd3d1ea484d6816b30e5b7fcfa5a8d') in 0.377994 seconds 
========================================================================
Received Import Request.
  Time since last request: 0.000410 seconds.
  path: Assets/Sprites/poster_3.jpg
  artifactKey: Guid(576ffbed6aa8cf046a7784d889891cb1) Importer(2089858483,934ff659095e30574adcf32a4c2f97b5)
Start importing Assets/Sprites/poster_3.jpg using Guid(576ffbed6aa8cf046a7784d889891cb1) Importer(2089858483,934ff659095e30574adcf32a4c2f97b5)  -> (artifact id: '859ddca36c71429eb5bdc4e28a0d4060') in 0.033901 seconds 
========================================================================
Received Import Request.
  Time since last request: 0.000072 seconds.
  path: Assets/Sprites/tree4.png
  artifactKey: Guid(68ff2de0f394b4098923f5bf908f7e1d) Importer(2089858483,934ff659095e30574adcf32a4c2f97b5)
Start importing Assets/Sprites/tree4.png using Guid(68ff2de0f394b4098923f5bf908f7e1d) Importer(2089858483,934ff659095e30574adcf32a4c2f97b5)  -> (artifact id: 'b5587e2dcfd5375f45bafaeba85124e2') in 0.018684 seconds 
========================================================================
Received Import Request.
  Time since last request: 0.000495 seconds.
  path: Assets/Sprites/grass.png
  artifactKey: Guid(ffcb19e17530d0f43ab6516e679d33b1) Importer(2089858483,934ff659095e30574adcf32a4c2f97b5)
Start importing Assets/Sprites/grass.png using Guid(ffcb19e17530d0f43ab6516e679d33b1) Importer(2089858483,934ff659095e30574adcf32a4c2f97b5)  -> (artifact id: '48c2693d4a62cf35f011067b2779b1ad') in 0.018109 seconds 
========================================================================
Received Import Request.
  Time since last request: 0.000117 seconds.
  path: Assets/Sprites/CONTROL.png
  artifactKey: Guid(edb95a105c0d323499dd4b10521fddd9) Importer(2089858483,934ff659095e30574adcf32a4c2f97b5)
Start importing Assets/Sprites/CONTROL.png using Guid(edb95a105c0d323499dd4b10521fddd9) Importer(2089858483,934ff659095e30574adcf32a4c2f97b5)  -> (artifact id: 'b6ffba769e5f59c66a1da7c7a57729df') in 0.018615 seconds 
========================================================================
Received Import Request.
  Time since last request: 0.000087 seconds.
  path: Assets/Sprites/TEXTS/STAY.png
  artifactKey: Guid(bcea32976a1644dd4bf11ba013455951) Importer(2089858483,934ff659095e30574adcf32a4c2f97b5)
Start importing Assets/Sprites/TEXTS/STAY.png using Guid(bcea32976a1644dd4bf11ba013455951) Importer(2089858483,934ff659095e30574adcf32a4c2f97b5)  -> (artifact id: 'efef0636888c925389c373fe784e38aa') in 0.008529 seconds 
========================================================================
Received Import Request.
  Time since last request: 0.000512 seconds.
  path: Assets/Sprites/grass 1.png
  artifactKey: Guid(24ef5b47c777b4a5e915eb61618f4754) Importer(2089858483,934ff659095e30574adcf32a4c2f97b5)
Start importing Assets/Sprites/grass 1.png using Guid(24ef5b47c777b4a5e915eb61618f4754) Importer(2089858483,934ff659095e30574adcf32a4c2f97b5)  -> (artifact id: '12495a857204055902f53be7edbcaf47') in 0.029047 seconds 
========================================================================
Received Import Request.
  Time since last request: 0.000115 seconds.
  path: Assets/Sprites/TEXTS/BACK.png
  artifactKey: Guid(5188357f6e3914808b0e6c1a9643630a) Importer(2089858483,934ff659095e30574adcf32a4c2f97b5)
Start importing Assets/Sprites/TEXTS/BACK.png using Guid(5188357f6e3914808b0e6c1a9643630a) Importer(2089858483,934ff659095e30574adcf32a4c2f97b5)  -> (artifact id: 'cbe78393086fcba9af3fc297c7614d6a') in 0.028648 seconds 
========================================================================
Received Import Request.
  Time since last request: 0.000121 seconds.
  path: Assets/Scripts/CameraMove.cs
  artifactKey: Guid(6b73167755b0f6d47a03a09624fcd382) Importer(2089858483,934ff659095e30574adcf32a4c2f97b5)
Start importing Assets/Scripts/CameraMove.cs using Guid(6b73167755b0f6d47a03a09624fcd382) Importer(2089858483,934ff659095e30574adcf32a4c2f97b5)  -> (artifact id: 'b4b99687874de23598234ab3e1ccbca4') in 0.025405 seconds 
========================================================================
Received Import Request.
  Time since last request: 0.001073 seconds.
  path: Assets/Sprites/square.png
  artifactKey: Guid(9b038c29eab77454a8f3239b5fc3e058) Importer(2089858483,934ff659095e30574adcf32a4c2f97b5)
Start importing Assets/Sprites/square.png using Guid(9b038c29eab77454a8f3239b5fc3e058) Importer(2089858483,934ff659095e30574adcf32a4c2f97b5)  -> (artifact id: '3ec06a5948d2e777e04bdddd849e3842') in 0.024731 seconds 
========================================================================
Received Import Request.
  Time since last request: 0.000135 seconds.
  path: Assets/Sprites/p.jpg
  artifactKey: Guid(59fab1ca538698141aecf7833c2c7fc7) Importer(2089858483,934ff659095e30574adcf32a4c2f97b5)
Start importing Assets/Sprites/p.jpg using Guid(59fab1ca538698141aecf7833c2c7fc7) Importer(2089858483,934ff659095e30574adcf32a4c2f97b5)  -> (artifact id: 'e43b0ca91c1601c09337ab9d18e1ba00') in 0.025504 seconds 
========================================================================
Received Import Request.
  Time since last request: 0.000121 seconds.
  path: Assets/Sprites/tab2body.png
  artifactKey: Guid(6127607f795c11f4d95646b60b4183b1) Importer(2089858483,934ff659095e30574adcf32a4c2f97b5)
Start importing Assets/Sprites/tab2body.png using Guid(6127607f795c11f4d95646b60b4183b1) Importer(2089858483,934ff659095e30574adcf32a4c2f97b5)  -> (artifact id: '5451464725e355977ca49e94e7bccf3c') in 0.020085 seconds 
========================================================================
Received Import Request.
  Time since last request: 0.000319 seconds.
  path: Assets/Sprites/Walking/4.png
  artifactKey: Guid(1dccec8f35f999647be14ece73f42c55) Importer(2089858483,934ff659095e30574adcf32a4c2f97b5)
Start importing Assets/Sprites/Walking/4.png using Guid(1dccec8f35f999647be14ece73f42c55) Importer(2089858483,934ff659095e30574adcf32a4c2f97b5)  -> (artifact id: '1d99286cce057c8cb93842224e69b3a5') in 0.028874 seconds 
========================================================================
Received Import Request.
  Time since last request: 0.000181 seconds.
  path: Assets/Sprites/rock.png
  artifactKey: Guid(821af472a6007324babd80f116c69f25) Importer(2089858483,934ff659095e30574adcf32a4c2f97b5)
Start importing Assets/Sprites/rock.png using Guid(821af472a6007324babd80f116c69f25) Importer(2089858483,934ff659095e30574adcf32a4c2f97b5)  -> (artifact id: '9a1b64ad738bcf801a6abdd5cfe45756') in 0.033702 seconds 
========================================================================
Received Prepare
Refreshing native plugins compatible for Editor in 13.41 ms, found 3 plugins.
Preloading 0 native plugins for Editor in 0.00 ms.
Unloading 20 Unused Serialized files (Serialized files now loaded: 0)
Unloading 20 unused Assets / (21.9 KB). Loaded Objects now: 2784.
Memory consumption went from 183.1 MB to 183.1 MB.
Total: 10.195611 ms (FindLiveObjects: 0.326906 ms CreateObjectMapping: 0.191125 ms MarkObjects: 9.566318 ms  DeleteObjects: 0.109767 ms)

AssetImportParameters requested are different than current active one (requested -> active):
  custom:video-decoder-ogg-theora: a1e56fd34408186e4bbccfd4996cb3dc -> 
  custom:container-muxer-webm: aa71ff27fc2769a1b78a27578f13a17b -> 
  custom:container-demuxer-webm: 4f35f7cbe854078d1ac9338744f61a02 -> 
  custom:video-encoder-webm-vp8: eb34c28f22e8b96e1ab97ce403110664 -> 
  custom:framework-osx-AVFoundation: e770b220cccbd017edd2c1fefb359320 -> 
  custom:audio-encoder-webm-vorbis: bf7c407c2cedff20999df2af8eb42d56 -> 
  custom:SearchIndexIgnoredProperties: e643bd26f0fe6173181afceb89e7c659 -> 
  custom:container-demuxer-ogg: 62fdf1f143b41e24485cea50d1cbac27 -> 
  custom:video-decoder-webm-vp8: 9c59270c3fd7afecdb556c50c9e8de78 -> 
  custom:audio-decoder-ogg-vorbis: bf7c407c2cedff20999df2af8eb42d56 -> 
========================================================================
Received Prepare
Registering precompiled user dll's ...
Registered in 0.005002 seconds.
Begin MonoManager ReloadAssembly
Native extension for WindowsStandalone target not found
Native extension for OSXStandalone target not found
Native extension for WebGL target not found
Refreshing native plugins compatible for Editor in 1.05 ms, found 3 plugins.
Preloading 0 native plugins for Editor in 0.00 ms.
Mono: successfully reloaded assembly
- Completed reload, in  4.141 seconds
Domain Reload Profiling:
	ReloadAssembly (4143ms)
		BeginReloadAssembly (317ms)
			ExecutionOrderSort (0ms)
			DisableScriptedObjects (19ms)
			BackupInstance (0ms)
			ReleaseScriptingObjects (0ms)
			CreateAndSetChildDomain (118ms)
		EndReloadAssembly (3515ms)
			LoadAssemblies (196ms)
			RebuildTransferFunctionScriptingTraits (0ms)
			SetupTypeCache (1021ms)
			ReleaseScriptCaches (4ms)
			RebuildScriptCaches (262ms)
			SetupLoadedEditorAssemblies (1689ms)
				LogAssemblyErrors (0ms)
				InitializePlatformSupportModulesInManaged (63ms)
				SetLoadedEditorAssemblies (2ms)
				RefreshPlugins (1ms)
				BeforeProcessingInitializeOnLoad (175ms)
				ProcessInitializeOnLoadAttributes (1323ms)
				ProcessInitializeOnLoadMethodAttributes (109ms)
				AfterProcessingInitializeOnLoad (14ms)
				EditorAssembliesLoaded (2ms)
			ExecutionOrderSort2 (0ms)
			AwakeInstancesAfterBackupRestoration (27ms)
Platform modules already initialized, skipping
Refreshing native plugins compatible for Editor in 1.19 ms, found 3 plugins.
Preloading 0 native plugins for Editor in 0.00 ms.
Unloading 2313 Unused Serialized files (Serialized files now loaded: 0)
Unloading 22 unused Assets / (21.9 KB). Loaded Objects now: 2786.
Memory consumption went from 231.5 MB to 231.5 MB.
Total: 35.593793 ms (FindLiveObjects: 2.243416 ms CreateObjectMapping: 1.115606 ms MarkObjects: 32.150903 ms  DeleteObjects: 0.079884 ms)

AssetImportParameters requested are different than current active one (requested -> active):
  custom:video-decoder-ogg-theora: a1e56fd34408186e4bbccfd4996cb3dc -> 
  custom:container-muxer-webm: aa71ff27fc2769a1b78a27578f13a17b -> 
  custom:container-demuxer-webm: 4f35f7cbe854078d1ac9338744f61a02 -> 
  custom:video-encoder-webm-vp8: eb34c28f22e8b96e1ab97ce403110664 -> 
  custom:framework-osx-AVFoundation: e770b220cccbd017edd2c1fefb359320 -> 
  custom:audio-encoder-webm-vorbis: bf7c407c2cedff20999df2af8eb42d56 -> 
  custom:SearchIndexIgnoredProperties: e643bd26f0fe6173181afceb89e7c659 -> 
  custom:container-demuxer-ogg: 62fdf1f143b41e24485cea50d1cbac27 -> 
  custom:video-decoder-webm-vp8: 9c59270c3fd7afecdb556c50c9e8de78 -> 
  custom:audio-decoder-ogg-vorbis: bf7c407c2cedff20999df2af8eb42d56 -> 
Editor requested this worker to shutdown with reason: Scaling down because of idle timeout
AssetImportWorker is now disconnected from the server
Process exiting
