Unity Editor version:    2021.2.9f1 (921b45a28ab6)
Branch:                  2021.2/staging
Build type:              Release
Batch mode:              YES
macOS version:           Version 12.2 (Build 21D49)
Darwin version:          21.3.0
Architecture:            x86_64
Running under Rosetta:   NO
Available memory:        8192 MB
Using pre-set license
Pro License: NO

COMMAND LINE ARGUMENTS:
/Volumes/T7 Touch/Unity/Hub/Editor/2021.2.9f1/Unity.app/Contents/MacOS/Unity
-adb2
-batchMode
-noUpm
-name
AssetImportWorker3
-projectPath
/Users/amirfarzadnilizadeh/Documents/Unity/DualityGGJ2022--director-cut-XD-
-logFile
Logs/AssetImportWorker3.log
-srvPort
53074
Successfully changed project path to: /Users/amirfarzadnilizadeh/Documents/Unity/DualityGGJ2022--director-cut-XD-
/Users/amirfarzadnilizadeh/Documents/Unity/DualityGGJ2022--director-cut-XD-
[UnityMemory] Configuration Parameters - Can be set up in boot.config
    "memorysetup-bucket-allocator-granularity=16"
    "memorysetup-bucket-allocator-bucket-count=8"
    "memorysetup-bucket-allocator-block-size=33554432"
    "memorysetup-bucket-allocator-block-count=8"
    "memorysetup-main-allocator-block-size=16777216"
    "memorysetup-thread-allocator-block-size=16777216"
    "memorysetup-gfx-main-allocator-block-size=16777216"
    "memorysetup-gfx-thread-allocator-block-size=16777216"
    "memorysetup-cache-allocator-block-size=4194304"
    "memorysetup-typetree-allocator-block-size=2097152"
    "memorysetup-profiler-bucket-allocator-granularity=16"
    "memorysetup-profiler-bucket-allocator-bucket-count=8"
    "memorysetup-profiler-bucket-allocator-block-size=33554432"
    "memorysetup-profiler-bucket-allocator-block-count=8"
    "memorysetup-profiler-allocator-block-size=16777216"
    "memorysetup-profiler-editor-allocator-block-size=1048576"
    "memorysetup-temp-allocator-size-main=16777216"
    "memorysetup-job-temp-allocator-block-size=2097152"
    "memorysetup-job-temp-allocator-block-size-background=1048576"
    "memorysetup-job-temp-allocator-reduction-small-platforms=262144"
    "memorysetup-temp-allocator-size-background-worker=32768"
    "memorysetup-temp-allocator-size-job-worker=262144"
    "memorysetup-temp-allocator-size-preload-manager=33554432"
    "memorysetup-temp-allocator-size-nav-mesh-worker=65536"
    "memorysetup-temp-allocator-size-audio-worker=65536"
    "memorysetup-temp-allocator-size-cloud-worker=32768"
    "memorysetup-temp-allocator-size-gi-baking-worker=262144"
    "memorysetup-temp-allocator-size-gfx=262144"
Refreshing native plugins compatible for Editor in 117.03 ms, found 3 plugins.
Preloading 0 native plugins for Editor in 0.00 ms.
Initialize engine version: 2021.2.9f1 (921b45a28ab6)
[Subsystems] Discovering subsystems at path /Volumes/T7 Touch/Unity/Hub/Editor/2021.2.9f1/Unity.app/Contents/Resources/UnitySubsystems
[Subsystems] Discovering subsystems at path /Users/amirfarzadnilizadeh/Documents/Unity/DualityGGJ2022--director-cut-XD-/Assets
GfxDevice: creating device client; threaded=0; jobified=0
Color LCD preferred device: Intel(R) Iris(TM) Graphics 6000 (low power)
Metal devices available: 1
0: Intel(R) Iris(TM) Graphics 6000 (low power)
Using device Intel(R) Iris(TM) Graphics 6000 (low power)
Initializing Metal device caps: Intel(R) Iris(TM) Graphics 6000
Initialize mono
Mono path[0] = '/Volumes/T7 Touch/Unity/Hub/Editor/2021.2.9f1/Unity.app/Contents/Managed'
Mono path[1] = '/Volumes/T7 Touch/Unity/Hub/Editor/2021.2.9f1/Unity.app/Contents/MonoBleedingEdge/lib/mono/unityjit-macos'
Mono config path = '/Volumes/T7 Touch/Unity/Hub/Editor/2021.2.9f1/Unity.app/Contents/MonoBleedingEdge/etc'
Using monoOptions --debugger-agent=transport=dt_socket,embedding=1,server=y,suspend=n,address=127.0.0.1:56043
Begin MonoManager ReloadAssembly
Registering precompiled unity dll's ...
Register platform support module: /Volumes/T7 Touch/Unity/Hub/Editor/2021.2.9f1/PlaybackEngines/WebGLSupport/UnityEditor.WebGL.Extensions.dll
Register platform support module: /Volumes/T7 Touch/Unity/Hub/Editor/2021.2.9f1/Unity.app/Contents/PlaybackEngines/MacStandaloneSupport/UnityEditor.OSXStandalone.Extensions.dll
Register platform support module: /Volumes/T7 Touch/Unity/Hub/Editor/2021.2.9f1/PlaybackEngines/WindowsStandaloneSupport/UnityEditor.WindowsStandalone.Extensions.dll
Registered in 0.010171 seconds.
Native extension for WindowsStandalone target not found
Native extension for OSXStandalone target not found
Native extension for WebGL target not found
Refreshing native plugins compatible for Editor in 173.59 ms, found 3 plugins.
Preloading 0 native plugins for Editor in 0.00 ms.
Mono: successfully reloaded assembly
- Completed reload, in  2.622 seconds
Domain Reload Profiling:
	ReloadAssembly (2623ms)
		BeginReloadAssembly (292ms)
			ExecutionOrderSort (0ms)
			DisableScriptedObjects (0ms)
			BackupInstance (0ms)
			ReleaseScriptingObjects (0ms)
			CreateAndSetChildDomain (1ms)
		EndReloadAssembly (2011ms)
			LoadAssemblies (298ms)
			RebuildTransferFunctionScriptingTraits (0ms)
			SetupTypeCache (577ms)
			ReleaseScriptCaches (0ms)
			RebuildScriptCaches (224ms)
			SetupLoadedEditorAssemblies (1068ms)
				LogAssemblyErrors (0ms)
				InitializePlatformSupportModulesInManaged (39ms)
				SetLoadedEditorAssemblies (0ms)
				RefreshPlugins (174ms)
				BeforeProcessingInitializeOnLoad (2ms)
				ProcessInitializeOnLoadAttributes (716ms)
				ProcessInitializeOnLoadMethodAttributes (136ms)
				AfterProcessingInitializeOnLoad (0ms)
				EditorAssembliesLoaded (0ms)
			ExecutionOrderSort2 (0ms)
			AwakeInstancesAfterBackupRestoration (0ms)
Platform modules already initialized, skipping
Registering precompiled user dll's ...
Registered in 0.014532 seconds.
Begin MonoManager ReloadAssembly
Native extension for WindowsStandalone target not found
Native extension for OSXStandalone target not found
Native extension for WebGL target not found
Refreshing native plugins compatible for Editor in 53.29 ms, found 3 plugins.
Preloading 0 native plugins for Editor in 0.00 ms.
Mono: successfully reloaded assembly
- Completed reload, in  2.094 seconds
Domain Reload Profiling:
	ReloadAssembly (2096ms)
		BeginReloadAssembly (175ms)
			ExecutionOrderSort (0ms)
			DisableScriptedObjects (10ms)
			BackupInstance (0ms)
			ReleaseScriptingObjects (0ms)
			CreateAndSetChildDomain (46ms)
		EndReloadAssembly (1735ms)
			LoadAssemblies (205ms)
			RebuildTransferFunctionScriptingTraits (0ms)
			SetupTypeCache (406ms)
			ReleaseScriptCaches (1ms)
			RebuildScriptCaches (99ms)
			SetupLoadedEditorAssemblies (941ms)
				LogAssemblyErrors (0ms)
				InitializePlatformSupportModulesInManaged (14ms)
				SetLoadedEditorAssemblies (0ms)
				RefreshPlugins (53ms)
				BeforeProcessingInitializeOnLoad (87ms)
				ProcessInitializeOnLoadAttributes (722ms)
				ProcessInitializeOnLoadMethodAttributes (63ms)
				AfterProcessingInitializeOnLoad (1ms)
				EditorAssembliesLoaded (0ms)
			ExecutionOrderSort2 (0ms)
			AwakeInstancesAfterBackupRestoration (7ms)
Platform modules already initialized, skipping
========================================================================
Worker process is ready to serve import requests
Launching external process: /Volumes/T7 Touch/Unity/Hub/Editor/2021.2.9f1/Unity.app/Contents/Tools/UnityShaderCompiler
Launched and connected shader compiler UnityShaderCompiler after 0.09 seconds
Refreshing native plugins compatible for Editor in 0.57 ms, found 3 plugins.
Preloading 0 native plugins for Editor in 0.00 ms.
Unloading 2323 Unused Serialized files (Serialized files now loaded: 0)
Unloading 33 unused Assets / (94.0 KB). Loaded Objects now: 2783.
Memory consumption went from 204.5 MB to 204.4 MB.
Total: 6.152955 ms (FindLiveObjects: 0.359450 ms CreateObjectMapping: 0.183284 ms MarkObjects: 5.222317 ms  DeleteObjects: 0.386146 ms)

AssetImportParameters requested are different than current active one (requested -> active):
  custom:video-decoder-ogg-theora: a1e56fd34408186e4bbccfd4996cb3dc -> 
  custom:container-muxer-webm: aa71ff27fc2769a1b78a27578f13a17b -> 
  custom:container-demuxer-webm: 4f35f7cbe854078d1ac9338744f61a02 -> 
  custom:video-encoder-webm-vp8: eb34c28f22e8b96e1ab97ce403110664 -> 
  custom:framework-osx-AVFoundation: e770b220cccbd017edd2c1fefb359320 -> 
  custom:audio-encoder-webm-vorbis: bf7c407c2cedff20999df2af8eb42d56 -> 
  custom:container-demuxer-ogg: 62fdf1f143b41e24485cea50d1cbac27 -> 
  custom:video-decoder-webm-vp8: 9c59270c3fd7afecdb556c50c9e8de78 -> 
  custom:audio-decoder-ogg-vorbis: bf7c407c2cedff20999df2af8eb42d56 -> 
========================================================================
Received Import Request.
  Time since last request: 21503.123099 seconds.
  path: Assets/Sprites/ghost 1.png
  artifactKey: Guid(05e714db1aba84922805fa27127f5cf8) Importer(815301076,1909f56bfc062723c751e8b465ee728b)
Start importing Assets/Sprites/ghost 1.png using Guid(05e714db1aba84922805fa27127f5cf8) Importer(815301076,1909f56bfc062723c751e8b465ee728b)  -> (artifact id: '3f9236be6d29a706c74ec7d96992626a') in 0.502173 seconds 
========================================================================
Received Import Request.
  Time since last request: 7.226081 seconds.
  path: Assets/Sprites/grave_2.png
  artifactKey: Guid(461d4bfdbeb8b4b11948fd9f48942cd6) Importer(815301076,1909f56bfc062723c751e8b465ee728b)
Start importing Assets/Sprites/grave_2.png using Guid(461d4bfdbeb8b4b11948fd9f48942cd6) Importer(815301076,1909f56bfc062723c751e8b465ee728b)  -> (artifact id: '93a7e314ff73af60de61cf90b52d0f48') in 0.039414 seconds 
========================================================================
Received Import Request.
  Time since last request: 0.004940 seconds.
  path: Assets/Sprites/grave_4.png
  artifactKey: Guid(cf19821dc97924924bb86a40de3e7f4e) Importer(815301076,1909f56bfc062723c751e8b465ee728b)
Start importing Assets/Sprites/grave_4.png using Guid(cf19821dc97924924bb86a40de3e7f4e) Importer(815301076,1909f56bfc062723c751e8b465ee728b)  -> (artifact id: '33489b5d8e7ee57e2e720bd4603a1ab4') in 0.048883 seconds 
========================================================================
Received Import Request.
  Time since last request: 0.000096 seconds.
  path: Assets/Sprites/grave_3.png
  artifactKey: Guid(3f3413bf7571541d1ba389a964869e23) Importer(815301076,1909f56bfc062723c751e8b465ee728b)
Start importing Assets/Sprites/grave_3.png using Guid(3f3413bf7571541d1ba389a964869e23) Importer(815301076,1909f56bfc062723c751e8b465ee728b)  -> (artifact id: '7871547d303d43327fbedba9cbbdfc9a') in 0.031297 seconds 
Editor requested this worker to shutdown with reason: Scaling down because of idle timeout
AssetImportWorkerClient::OnTransportError - code=2 error=End of file
AssetImportWorker is now disconnected from the server
Process exiting
