Unity Editor version:    2021.2.9f1 (921b45a28ab6)
Branch:                  2021.2/staging
Build type:              Release
Batch mode:              YES
macOS version:           Version 12.2 (Build 21D49)
Darwin version:          21.3.0
Architecture:            x86_64
Running under Rosetta:   NO
Available memory:        8192 MB
Using pre-set license
Pro License: NO

COMMAND LINE ARGUMENTS:
/Volumes/T7 Touch/Unity/Hub/Editor/2021.2.9f1/Unity.app/Contents/MacOS/Unity
-adb2
-batchMode
-noUpm
-name
AssetImportWorker1
-projectPath
/Users/amirfarzadnilizadeh/Documents/Unity/DualityGGJ2022--director-cut-XD-
-logFile
Logs/AssetImportWorker1.log
-srvPort
55502
Successfully changed project path to: /Users/amirfarzadnilizadeh/Documents/Unity/DualityGGJ2022--director-cut-XD-
/Users/amirfarzadnilizadeh/Documents/Unity/DualityGGJ2022--director-cut-XD-
[UnityMemory] Configuration Parameters - Can be set up in boot.config
    "memorysetup-bucket-allocator-granularity=16"
    "memorysetup-bucket-allocator-bucket-count=8"
    "memorysetup-bucket-allocator-block-size=33554432"
    "memorysetup-bucket-allocator-block-count=8"
    "memorysetup-main-allocator-block-size=16777216"
    "memorysetup-thread-allocator-block-size=16777216"
    "memorysetup-gfx-main-allocator-block-size=16777216"
    "memorysetup-gfx-thread-allocator-block-size=16777216"
    "memorysetup-cache-allocator-block-size=4194304"
    "memorysetup-typetree-allocator-block-size=2097152"
    "memorysetup-profiler-bucket-allocator-granularity=16"
    "memorysetup-profiler-bucket-allocator-bucket-count=8"
    "memorysetup-profiler-bucket-allocator-block-size=33554432"
    "memorysetup-profiler-bucket-allocator-block-count=8"
    "memorysetup-profiler-allocator-block-size=16777216"
    "memorysetup-profiler-editor-allocator-block-size=1048576"
    "memorysetup-temp-allocator-size-main=16777216"
    "memorysetup-job-temp-allocator-block-size=2097152"
    "memorysetup-job-temp-allocator-block-size-background=1048576"
    "memorysetup-job-temp-allocator-reduction-small-platforms=262144"
    "memorysetup-temp-allocator-size-background-worker=32768"
    "memorysetup-temp-allocator-size-job-worker=262144"
    "memorysetup-temp-allocator-size-preload-manager=33554432"
    "memorysetup-temp-allocator-size-nav-mesh-worker=65536"
    "memorysetup-temp-allocator-size-audio-worker=65536"
    "memorysetup-temp-allocator-size-cloud-worker=32768"
    "memorysetup-temp-allocator-size-gi-baking-worker=262144"
    "memorysetup-temp-allocator-size-gfx=262144"
Refreshing native plugins compatible for Editor in 68.36 ms, found 3 plugins.
Preloading 0 native plugins for Editor in 0.00 ms.
Initialize engine version: 2021.2.9f1 (921b45a28ab6)
[Subsystems] Discovering subsystems at path /Volumes/T7 Touch/Unity/Hub/Editor/2021.2.9f1/Unity.app/Contents/Resources/UnitySubsystems
[Subsystems] Discovering subsystems at path /Users/amirfarzadnilizadeh/Documents/Unity/DualityGGJ2022--director-cut-XD-/Assets
GfxDevice: creating device client; threaded=0; jobified=0
Color LCD preferred device: Intel(R) Iris(TM) Graphics 6000 (low power)
Metal devices available: 1
0: Intel(R) Iris(TM) Graphics 6000 (low power)
Using device Intel(R) Iris(TM) Graphics 6000 (low power)
Initializing Metal device caps: Intel(R) Iris(TM) Graphics 6000
Initialize mono
Mono path[0] = '/Volumes/T7 Touch/Unity/Hub/Editor/2021.2.9f1/Unity.app/Contents/Managed'
Mono path[1] = '/Volumes/T7 Touch/Unity/Hub/Editor/2021.2.9f1/Unity.app/Contents/MonoBleedingEdge/lib/mono/unityjit-macos'
Mono config path = '/Volumes/T7 Touch/Unity/Hub/Editor/2021.2.9f1/Unity.app/Contents/MonoBleedingEdge/etc'
Using monoOptions --debugger-agent=transport=dt_socket,embedding=1,server=y,suspend=n,address=127.0.0.1:56937
Begin MonoManager ReloadAssembly
Registering precompiled unity dll's ...
Register platform support module: /Volumes/T7 Touch/Unity/Hub/Editor/2021.2.9f1/PlaybackEngines/WebGLSupport/UnityEditor.WebGL.Extensions.dll
Register platform support module: /Volumes/T7 Touch/Unity/Hub/Editor/2021.2.9f1/Unity.app/Contents/PlaybackEngines/MacStandaloneSupport/UnityEditor.OSXStandalone.Extensions.dll
Register platform support module: /Volumes/T7 Touch/Unity/Hub/Editor/2021.2.9f1/PlaybackEngines/WindowsStandaloneSupport/UnityEditor.WindowsStandalone.Extensions.dll
Registered in 0.007040 seconds.
Native extension for WindowsStandalone target not found
Native extension for OSXStandalone target not found
Native extension for WebGL target not found
Refreshing native plugins compatible for Editor in 65.58 ms, found 3 plugins.
Preloading 0 native plugins for Editor in 0.00 ms.
Mono: successfully reloaded assembly
- Completed reload, in  1.136 seconds
Domain Reload Profiling:
	ReloadAssembly (1136ms)
		BeginReloadAssembly (251ms)
			ExecutionOrderSort (0ms)
			DisableScriptedObjects (0ms)
			BackupInstance (0ms)
			ReleaseScriptingObjects (0ms)
			CreateAndSetChildDomain (1ms)
		EndReloadAssembly (756ms)
			LoadAssemblies (257ms)
			RebuildTransferFunctionScriptingTraits (0ms)
			SetupTypeCache (209ms)
			ReleaseScriptCaches (0ms)
			RebuildScriptCaches (48ms)
			SetupLoadedEditorAssemblies (412ms)
				LogAssemblyErrors (0ms)
				InitializePlatformSupportModulesInManaged (23ms)
				SetLoadedEditorAssemblies (0ms)
				RefreshPlugins (66ms)
				BeforeProcessingInitializeOnLoad (2ms)
				ProcessInitializeOnLoadAttributes (244ms)
				ProcessInitializeOnLoadMethodAttributes (76ms)
				AfterProcessingInitializeOnLoad (0ms)
				EditorAssembliesLoaded (0ms)
			ExecutionOrderSort2 (0ms)
			AwakeInstancesAfterBackupRestoration (0ms)
Platform modules already initialized, skipping
Registering precompiled user dll's ...
Registered in 0.028312 seconds.
Begin MonoManager ReloadAssembly
Native extension for WindowsStandalone target not found
Native extension for OSXStandalone target not found
Native extension for WebGL target not found
Refreshing native plugins compatible for Editor in 92.26 ms, found 3 plugins.
Preloading 0 native plugins for Editor in 0.00 ms.
Mono: successfully reloaded assembly
- Completed reload, in  4.452 seconds
Domain Reload Profiling:
	ReloadAssembly (4453ms)
		BeginReloadAssembly (276ms)
			ExecutionOrderSort (0ms)
			DisableScriptedObjects (22ms)
			BackupInstance (0ms)
			ReleaseScriptingObjects (0ms)
			CreateAndSetChildDomain (56ms)
		EndReloadAssembly (3695ms)
			LoadAssemblies (238ms)
			RebuildTransferFunctionScriptingTraits (0ms)
			SetupTypeCache (763ms)
			ReleaseScriptCaches (1ms)
			RebuildScriptCaches (181ms)
			SetupLoadedEditorAssemblies (2290ms)
				LogAssemblyErrors (0ms)
				InitializePlatformSupportModulesInManaged (34ms)
				SetLoadedEditorAssemblies (1ms)
				RefreshPlugins (92ms)
				BeforeProcessingInitializeOnLoad (217ms)
				ProcessInitializeOnLoadAttributes (1878ms)
				ProcessInitializeOnLoadMethodAttributes (66ms)
				AfterProcessingInitializeOnLoad (1ms)
				EditorAssembliesLoaded (0ms)
			ExecutionOrderSort2 (0ms)
			AwakeInstancesAfterBackupRestoration (7ms)
Platform modules already initialized, skipping
========================================================================
Worker process is ready to serve import requests
Launching external process: /Volumes/T7 Touch/Unity/Hub/Editor/2021.2.9f1/Unity.app/Contents/Tools/UnityShaderCompiler
Launched and connected shader compiler UnityShaderCompiler after 0.10 seconds
Refreshing native plugins compatible for Editor in 0.97 ms, found 3 plugins.
Preloading 0 native plugins for Editor in 0.00 ms.
Unloading 2324 Unused Serialized files (Serialized files now loaded: 0)
Unloading 33 unused Assets / (43.6 KB). Loaded Objects now: 2784.
Memory consumption went from 204.4 MB to 204.3 MB.
Total: 8.993324 ms (FindLiveObjects: 0.436116 ms CreateObjectMapping: 0.410828 ms MarkObjects: 7.997250 ms  DeleteObjects: 0.147067 ms)

AssetImportParameters requested are different than current active one (requested -> active):
  custom:video-decoder-ogg-theora: a1e56fd34408186e4bbccfd4996cb3dc -> 
  custom:container-muxer-webm: aa71ff27fc2769a1b78a27578f13a17b -> 
  custom:container-demuxer-webm: 4f35f7cbe854078d1ac9338744f61a02 -> 
  custom:video-encoder-webm-vp8: eb34c28f22e8b96e1ab97ce403110664 -> 
  custom:framework-osx-AVFoundation: e770b220cccbd017edd2c1fefb359320 -> 
  custom:audio-encoder-webm-vorbis: bf7c407c2cedff20999df2af8eb42d56 -> 
  custom:container-demuxer-ogg: 62fdf1f143b41e24485cea50d1cbac27 -> 
  custom:video-decoder-webm-vp8: 9c59270c3fd7afecdb556c50c9e8de78 -> 
  custom:audio-decoder-ogg-vorbis: bf7c407c2cedff20999df2af8eb42d56 -> 
========================================================================
Received Import Request.
  Time since last request: 27288.010558 seconds.
  path: Assets/Animation/Idle.anim
  artifactKey: Guid(1a65fdf485a6f934896ff627646d6f17) Importer(2089858483,934ff659095e30574adcf32a4c2f97b5)
Start importing Assets/Animation/Idle.anim using Guid(1a65fdf485a6f934896ff627646d6f17) Importer(2089858483,934ff659095e30574adcf32a4c2f97b5)  -> (artifact id: 'd1599a335c5549b5bfeda47d74ba4d38') in 0.468998 seconds 
========================================================================
Received Import Request.
  Time since last request: 0.000120 seconds.
  path: Assets/Sprites/grave_3.png
  artifactKey: Guid(3f3413bf7571541d1ba389a964869e23) Importer(2089858483,934ff659095e30574adcf32a4c2f97b5)
Start importing Assets/Sprites/grave_3.png using Guid(3f3413bf7571541d1ba389a964869e23) Importer(2089858483,934ff659095e30574adcf32a4c2f97b5)  -> (artifact id: '98429ef43c3112c5eb1c95fb21b6bc0b') in 0.418758 seconds 
========================================================================
Received Import Request.
  Time since last request: 0.001301 seconds.
  path: Assets/Animation/player.controller
  artifactKey: Guid(dc8b94f0e40d19c44b8e37ddeb93f412) Importer(2089858483,934ff659095e30574adcf32a4c2f97b5)
Start importing Assets/Animation/player.controller using Guid(dc8b94f0e40d19c44b8e37ddeb93f412) Importer(2089858483,934ff659095e30574adcf32a4c2f97b5)  -> (artifact id: 'fd1854037dddefb6d1966071ea1b70ef') in 0.266471 seconds 
========================================================================
Received Import Request.
  Time since last request: 0.000129 seconds.
  path: Assets/Sprites/STAY.png
  artifactKey: Guid(1bfd9d09f7a172c4dafc34c27aefd06b) Importer(2089858483,934ff659095e30574adcf32a4c2f97b5)
Start importing Assets/Sprites/STAY.png using Guid(1bfd9d09f7a172c4dafc34c27aefd06b) Importer(2089858483,934ff659095e30574adcf32a4c2f97b5)  -> (artifact id: 'acfad058b247d968d15aef3fbf857d79') in 0.056536 seconds 
========================================================================
Received Import Request.
  Time since last request: 0.000411 seconds.
  path: Assets/Scenes/Prologue.unity
  artifactKey: Guid(dff1708866e33fc4aaa6d254f3be7765) Importer(2089858483,934ff659095e30574adcf32a4c2f97b5)
Start importing Assets/Scenes/Prologue.unity using Guid(dff1708866e33fc4aaa6d254f3be7765) Importer(2089858483,934ff659095e30574adcf32a4c2f97b5)  -> (artifact id: 'dbe05ef3169dd3151fdeb4903473f7a5') in 0.014731 seconds 
========================================================================
Received Import Request.
  Time since last request: 0.000096 seconds.
  path: Assets/Sprites/TEXTS/start.png
  artifactKey: Guid(a3a9103366b17465d9ded3c50e4aa98b) Importer(2089858483,934ff659095e30574adcf32a4c2f97b5)
Start importing Assets/Sprites/TEXTS/start.png using Guid(a3a9103366b17465d9ded3c50e4aa98b) Importer(2089858483,934ff659095e30574adcf32a4c2f97b5)  -> (artifact id: 'fa41d6f44e802cc5666c8cdfd06a884e') in 0.029986 seconds 
========================================================================
Received Import Request.
  Time since last request: 0.000104 seconds.
  path: Assets/Scripts/SpikesDamge.cs
  artifactKey: Guid(95e49d4de250e47f7b6f64463fd4096e) Importer(2089858483,934ff659095e30574adcf32a4c2f97b5)
Start importing Assets/Scripts/SpikesDamge.cs using Guid(95e49d4de250e47f7b6f64463fd4096e) Importer(2089858483,934ff659095e30574adcf32a4c2f97b5)  -> (artifact id: '28c5c4c4085fd7c2b87957ed223092a1') in 0.492577 seconds 
========================================================================
Received Import Request.
  Time since last request: 0.000196 seconds.
  path: Assets/Prefab/playerSoul.prefab
  artifactKey: Guid(21a173eab50dbb54fad1cfe393b605da) Importer(2089858483,934ff659095e30574adcf32a4c2f97b5)
Start importing Assets/Prefab/playerSoul.prefab using Guid(21a173eab50dbb54fad1cfe393b605da) Importer(2089858483,934ff659095e30574adcf32a4c2f97b5)  -> (artifact id: '1b80c14c94a955225eb68c7f813d0e98') in 0.270504 seconds 
========================================================================
Received Import Request.
  Time since last request: 0.000102 seconds.
  path: Assets/Sprites/grave_4.png
  artifactKey: Guid(cf19821dc97924924bb86a40de3e7f4e) Importer(2089858483,934ff659095e30574adcf32a4c2f97b5)
Start importing Assets/Sprites/grave_4.png using Guid(cf19821dc97924924bb86a40de3e7f4e) Importer(2089858483,934ff659095e30574adcf32a4c2f97b5)  -> (artifact id: '69585b338de732869fb87bdb3591fb87') in 0.066486 seconds 
========================================================================
Received Import Request.
  Time since last request: 0.000109 seconds.
  path: Assets/Sprites/Start/2.1.jpg
  artifactKey: Guid(f94fd5452083eeb4d9d11b6f098060cf) Importer(2089858483,934ff659095e30574adcf32a4c2f97b5)
Start importing Assets/Sprites/Start/2.1.jpg using Guid(f94fd5452083eeb4d9d11b6f098060cf) Importer(2089858483,934ff659095e30574adcf32a4c2f97b5)  -> (artifact id: '14fe775a30f8f12fdfd44054f01d72e6') in 0.319976 seconds 
========================================================================
Received Import Request.
  Time since last request: 0.000092 seconds.
  path: Assets/Sprites/Walking/8.png
  artifactKey: Guid(933a19ca945305043baac1092590288c) Importer(2089858483,934ff659095e30574adcf32a4c2f97b5)
Start importing Assets/Sprites/Walking/8.png using Guid(933a19ca945305043baac1092590288c) Importer(2089858483,934ff659095e30574adcf32a4c2f97b5)  -> (artifact id: '912c2d7fef901c3464ab7db54d994d81') in 0.041923 seconds 
========================================================================
Received Import Request.
  Time since last request: 0.000474 seconds.
  path: Assets/Scripts/SoulMovement.cs
  artifactKey: Guid(8da4b6c8605140841bf53c3a540e8f44) Importer(2089858483,934ff659095e30574adcf32a4c2f97b5)
Start importing Assets/Scripts/SoulMovement.cs using Guid(8da4b6c8605140841bf53c3a540e8f44) Importer(2089858483,934ff659095e30574adcf32a4c2f97b5)  -> (artifact id: '7550b411849371485047ad087ec18c70') in 0.014808 seconds 
========================================================================
Received Import Request.
  Time since last request: 0.000480 seconds.
  path: Assets/Sprites/carachter.png
  artifactKey: Guid(30666e7e06f8e464b87e06dbe11bf423) Importer(2089858483,934ff659095e30574adcf32a4c2f97b5)
Start importing Assets/Sprites/carachter.png using Guid(30666e7e06f8e464b87e06dbe11bf423) Importer(2089858483,934ff659095e30574adcf32a4c2f97b5)  -> (artifact id: 'a402571c7201bd8f928bbc329cdd743a') in 0.112204 seconds 
========================================================================
Received Import Request.
  Time since last request: 0.000193 seconds.
  path: Assets/Sprites/Stone.png
  artifactKey: Guid(0fa08a0287c5d42558010f19f632868b) Importer(2089858483,934ff659095e30574adcf32a4c2f97b5)
Start importing Assets/Sprites/Stone.png using Guid(0fa08a0287c5d42558010f19f632868b) Importer(2089858483,934ff659095e30574adcf32a4c2f97b5)  -> (artifact id: 'fa32f6a28104a8aafba8ed725918b20f') in 0.033472 seconds 
========================================================================
Received Import Request.
  Time since last request: 0.000208 seconds.
  path: Assets/Sprites/tree_2_.png
  artifactKey: Guid(e2039fabaf4aa754d98b33b9cfd260c7) Importer(2089858483,934ff659095e30574adcf32a4c2f97b5)
Start importing Assets/Sprites/tree_2_.png using Guid(e2039fabaf4aa754d98b33b9cfd260c7) Importer(2089858483,934ff659095e30574adcf32a4c2f97b5)  -> (artifact id: '1160160d287c3cd8f0acd2c53821aeb8') in 0.025273 seconds 
========================================================================
Received Import Request.
  Time since last request: 0.000093 seconds.
  path: Assets/Sprites/Start/4.jpg
  artifactKey: Guid(62bbd16eb84be664487ce9024ba83704) Importer(2089858483,934ff659095e30574adcf32a4c2f97b5)
Start importing Assets/Sprites/Start/4.jpg using Guid(62bbd16eb84be664487ce9024ba83704) Importer(2089858483,934ff659095e30574adcf32a4c2f97b5)  -> (artifact id: 'af30d0b401429f21f4cee1bacd1d0fbe') in 0.019760 seconds 
========================================================================
Received Import Request.
  Time since last request: 0.000103 seconds.
  path: Assets/Sprites/Wandering_ghost.png
  artifactKey: Guid(517c62bf9d920474ba5ec9498e91ffde) Importer(2089858483,934ff659095e30574adcf32a4c2f97b5)
Start importing Assets/Sprites/Wandering_ghost.png using Guid(517c62bf9d920474ba5ec9498e91ffde) Importer(2089858483,934ff659095e30574adcf32a4c2f97b5)  -> (artifact id: 'e703e66d531e9f0446fccb1fd807a064') in 0.037222 seconds 
========================================================================
Received Import Request.
  Time since last request: 0.001735 seconds.
  path: Assets/Sprites/Start/6.jpg
  artifactKey: Guid(3cf2bc363bfbb8548943ab5926374e29) Importer(2089858483,934ff659095e30574adcf32a4c2f97b5)
Start importing Assets/Sprites/Start/6.jpg using Guid(3cf2bc363bfbb8548943ab5926374e29) Importer(2089858483,934ff659095e30574adcf32a4c2f97b5)  -> (artifact id: '02c4a3c6f1a582d18e6957e05cd27ade') in 0.035033 seconds 
========================================================================
Received Import Request.
  Time since last request: 0.000095 seconds.
  path: Assets/Sprites/ghost.png
  artifactKey: Guid(d93d64b7845f58c40a2890e570f49045) Importer(2089858483,934ff659095e30574adcf32a4c2f97b5)
Start importing Assets/Sprites/ghost.png using Guid(d93d64b7845f58c40a2890e570f49045) Importer(2089858483,934ff659095e30574adcf32a4c2f97b5)  -> (artifact id: 'a1a22487658294c73b9c68cf18f6cb53') in 0.028487 seconds 
========================================================================
Received Import Request.
  Time since last request: 0.000103 seconds.
  path: Assets/Scripts/BodyMovement.cs
  artifactKey: Guid(fd2e87e0fc85c5d4b80258a73b942dac) Importer(2089858483,934ff659095e30574adcf32a4c2f97b5)
Start importing Assets/Scripts/BodyMovement.cs using Guid(fd2e87e0fc85c5d4b80258a73b942dac) Importer(2089858483,934ff659095e30574adcf32a4c2f97b5)  -> (artifact id: 'cbf8602dfc28030626e3b20b294182eb') in 0.006288 seconds 
========================================================================
Received Import Request.
  Time since last request: 0.000113 seconds.
  path: Assets/Sprites/ENTER.png
  artifactKey: Guid(bb7bb1f886f2900498c6930286513318) Importer(2089858483,934ff659095e30574adcf32a4c2f97b5)
Start importing Assets/Sprites/ENTER.png using Guid(bb7bb1f886f2900498c6930286513318) Importer(2089858483,934ff659095e30574adcf32a4c2f97b5)  -> (artifact id: '423efcd1098c2ab3ea646da38da3121f') in 0.009299 seconds 
========================================================================
Received Import Request.
  Time since last request: 0.000105 seconds.
  path: Assets/Sprites/BACK.png
  artifactKey: Guid(3de4d890b4c64ca4ea2d802b0048da3c) Importer(2089858483,934ff659095e30574adcf32a4c2f97b5)
Start importing Assets/Sprites/BACK.png using Guid(3de4d890b4c64ca4ea2d802b0048da3c) Importer(2089858483,934ff659095e30574adcf32a4c2f97b5)  -> (artifact id: '56a79e6f661dd9f0c4074718d3673572') in 0.018788 seconds 
========================================================================
Received Import Request.
  Time since last request: 0.000086 seconds.
  path: Assets/Sprites/tree_with_rope.png
  artifactKey: Guid(8834d703c8b16443db6edf9c98e00621) Importer(2089858483,934ff659095e30574adcf32a4c2f97b5)
Start importing Assets/Sprites/tree_with_rope.png using Guid(8834d703c8b16443db6edf9c98e00621) Importer(2089858483,934ff659095e30574adcf32a4c2f97b5)  -> (artifact id: '09d7839ae5354759cd9464d6eff27181') in 0.019234 seconds 
========================================================================
Received Import Request.
  Time since last request: 0.000074 seconds.
  path: Assets/Sprites/Walking/3.png
  artifactKey: Guid(4e5fc70201b10784aaa14d4e2656b7e2) Importer(2089858483,934ff659095e30574adcf32a4c2f97b5)
Start importing Assets/Sprites/Walking/3.png using Guid(4e5fc70201b10784aaa14d4e2656b7e2) Importer(2089858483,934ff659095e30574adcf32a4c2f97b5)  -> (artifact id: '8f38090b4ee094f6b22ab02634e4c39d') in 0.041039 seconds 
========================================================================
Received Import Request.
  Time since last request: 0.000149 seconds.
  path: Assets/Sprites/ghost 1.png
  artifactKey: Guid(05e714db1aba84922805fa27127f5cf8) Importer(2089858483,934ff659095e30574adcf32a4c2f97b5)
Start importing Assets/Sprites/ghost 1.png using Guid(05e714db1aba84922805fa27127f5cf8) Importer(2089858483,934ff659095e30574adcf32a4c2f97b5)  -> (artifact id: 'cd02f3c7b5493efb3471f2d2768dc0e2') in 0.023364 seconds 
========================================================================
Received Import Request.
  Time since last request: 0.000085 seconds.
  path: Assets/Sprites/Start/5.jpg
  artifactKey: Guid(3d9bb1bbc2f5aa34b9408817a2e8f2d0) Importer(2089858483,934ff659095e30574adcf32a4c2f97b5)
Start importing Assets/Sprites/Start/5.jpg using Guid(3d9bb1bbc2f5aa34b9408817a2e8f2d0) Importer(2089858483,934ff659095e30574adcf32a4c2f97b5)  -> (artifact id: '987924857d831ab6c4a304d0ea4b4e90') in 0.032581 seconds 
========================================================================
Received Import Request.
  Time since last request: 0.000092 seconds.
  path: Assets/Sprites/TEXTS/how.png
  artifactKey: Guid(d0b5e1518d77546aabba422ffe9a4280) Importer(2089858483,934ff659095e30574adcf32a4c2f97b5)
Start importing Assets/Sprites/TEXTS/how.png using Guid(d0b5e1518d77546aabba422ffe9a4280) Importer(2089858483,934ff659095e30574adcf32a4c2f97b5)  -> (artifact id: 'bc36f4898bcbaa1c140abddd860cfaca') in 0.011216 seconds 
========================================================================
Received Import Request.
  Time since last request: 0.000093 seconds.
  path: Assets/Sprites/Walking/9.png
  artifactKey: Guid(a6af8ac11f4c07a4a81374ec0a3ad902) Importer(2089858483,934ff659095e30574adcf32a4c2f97b5)
Start importing Assets/Sprites/Walking/9.png using Guid(a6af8ac11f4c07a4a81374ec0a3ad902) Importer(2089858483,934ff659095e30574adcf32a4c2f97b5)  -> (artifact id: 'a2f5dd6b583d91664a50a167b9161cfd') in 0.069579 seconds 
========================================================================
Received Import Request.
  Time since last request: 0.004881 seconds.
  path: Assets/Sprites/Walking/2.png
  artifactKey: Guid(7e637ed7334a8a849bf01258b6e3830e) Importer(2089858483,934ff659095e30574adcf32a4c2f97b5)
Start importing Assets/Sprites/Walking/2.png using Guid(7e637ed7334a8a849bf01258b6e3830e) Importer(2089858483,934ff659095e30574adcf32a4c2f97b5)  -> (artifact id: 'd40517d5d230a10b4d8a0013584fb7ca') in 0.044484 seconds 
========================================================================
Received Import Request.
  Time since last request: 0.000204 seconds.
  path: Assets/Sprites/Walking/1.png
  artifactKey: Guid(b0df987f52bd3594cb59fbefa4e842b2) Importer(2089858483,934ff659095e30574adcf32a4c2f97b5)
Start importing Assets/Sprites/Walking/1.png using Guid(b0df987f52bd3594cb59fbefa4e842b2) Importer(2089858483,934ff659095e30574adcf32a4c2f97b5)  -> (artifact id: 'c67ecacec2243039f388ec96fcb17f2d') in 0.032992 seconds 
========================================================================
Received Import Request.
  Time since last request: 0.000241 seconds.
  path: Assets/Scripts/EnemyFollows.cs
  artifactKey: Guid(5f05796c5c52d1b4cad6e2431a09c373) Importer(2089858483,934ff659095e30574adcf32a4c2f97b5)
Start importing Assets/Scripts/EnemyFollows.cs using Guid(5f05796c5c52d1b4cad6e2431a09c373) Importer(2089858483,934ff659095e30574adcf32a4c2f97b5)  -> (artifact id: 'f7dc1e870fc396cf77aa206ade092d09') in 0.007477 seconds 
========================================================================
Received Import Request.
  Time since last request: 0.000124 seconds.
  path: Assets/Sprites/tab2soul.png
  artifactKey: Guid(3e994e6e0c5d6124b94f2c9294ff4448) Importer(2089858483,934ff659095e30574adcf32a4c2f97b5)
Start importing Assets/Sprites/tab2soul.png using Guid(3e994e6e0c5d6124b94f2c9294ff4448) Importer(2089858483,934ff659095e30574adcf32a4c2f97b5)  -> (artifact id: '435d09d245cf7cb89bee39be2df24078') in 0.016278 seconds 
========================================================================
Received Import Request.
  Time since last request: 0.000105 seconds.
  path: Assets/Sprites/level_1.png
  artifactKey: Guid(622ed00afdc0445ab87af4b2f9e7afd8) Importer(2089858483,934ff659095e30574adcf32a4c2f97b5)
Start importing Assets/Sprites/level_1.png using Guid(622ed00afdc0445ab87af4b2f9e7afd8) Importer(2089858483,934ff659095e30574adcf32a4c2f97b5)  -> (artifact id: '3943f74dfa5d04241ab702b4d90900f2') in 0.023024 seconds 
========================================================================
Received Prepare
Refreshing native plugins compatible for Editor in 12.81 ms, found 3 plugins.
Preloading 0 native plugins for Editor in 0.00 ms.
Unloading 20 Unused Serialized files (Serialized files now loaded: 0)
Unloading 20 unused Assets / (21.9 KB). Loaded Objects now: 2784.
Memory consumption went from 182.8 MB to 182.8 MB.
Total: 9.524058 ms (FindLiveObjects: 0.320074 ms CreateObjectMapping: 0.149455 ms MarkObjects: 9.005885 ms  DeleteObjects: 0.047231 ms)

AssetImportParameters requested are different than current active one (requested -> active):
  custom:video-decoder-ogg-theora: a1e56fd34408186e4bbccfd4996cb3dc -> 
  custom:container-muxer-webm: aa71ff27fc2769a1b78a27578f13a17b -> 
  custom:container-demuxer-webm: 4f35f7cbe854078d1ac9338744f61a02 -> 
  custom:video-encoder-webm-vp8: eb34c28f22e8b96e1ab97ce403110664 -> 
  custom:framework-osx-AVFoundation: e770b220cccbd017edd2c1fefb359320 -> 
  custom:audio-encoder-webm-vorbis: bf7c407c2cedff20999df2af8eb42d56 -> 
  custom:SearchIndexIgnoredProperties: e643bd26f0fe6173181afceb89e7c659 -> 
  custom:container-demuxer-ogg: 62fdf1f143b41e24485cea50d1cbac27 -> 
  custom:video-decoder-webm-vp8: 9c59270c3fd7afecdb556c50c9e8de78 -> 
  custom:audio-decoder-ogg-vorbis: bf7c407c2cedff20999df2af8eb42d56 -> 
========================================================================
Received Prepare
Registering precompiled user dll's ...
Registered in 0.004484 seconds.
Begin MonoManager ReloadAssembly
Native extension for WindowsStandalone target not found
Native extension for OSXStandalone target not found
Native extension for WebGL target not found
Refreshing native plugins compatible for Editor in 1.24 ms, found 3 plugins.
Preloading 0 native plugins for Editor in 0.00 ms.
Mono: successfully reloaded assembly
- Completed reload, in  4.158 seconds
Domain Reload Profiling:
	ReloadAssembly (4159ms)
		BeginReloadAssembly (338ms)
			ExecutionOrderSort (0ms)
			DisableScriptedObjects (41ms)
			BackupInstance (0ms)
			ReleaseScriptingObjects (0ms)
			CreateAndSetChildDomain (113ms)
		EndReloadAssembly (3504ms)
			LoadAssemblies (188ms)
			RebuildTransferFunctionScriptingTraits (0ms)
			SetupTypeCache (976ms)
			ReleaseScriptCaches (5ms)
			RebuildScriptCaches (286ms)
			SetupLoadedEditorAssemblies (1712ms)
				LogAssemblyErrors (0ms)
				InitializePlatformSupportModulesInManaged (39ms)
				SetLoadedEditorAssemblies (1ms)
				RefreshPlugins (1ms)
				BeforeProcessingInitializeOnLoad (213ms)
				ProcessInitializeOnLoadAttributes (1316ms)
				ProcessInitializeOnLoadMethodAttributes (129ms)
				AfterProcessingInitializeOnLoad (12ms)
				EditorAssembliesLoaded (1ms)
			ExecutionOrderSort2 (0ms)
			AwakeInstancesAfterBackupRestoration (35ms)
Platform modules already initialized, skipping
Refreshing native plugins compatible for Editor in 0.98 ms, found 3 plugins.
Preloading 0 native plugins for Editor in 0.00 ms.
Unloading 2313 Unused Serialized files (Serialized files now loaded: 0)
Unloading 22 unused Assets / (21.9 KB). Loaded Objects now: 2786.
Memory consumption went from 231.2 MB to 231.2 MB.
Total: 33.948554 ms (FindLiveObjects: 0.356566 ms CreateObjectMapping: 0.341795 ms MarkObjects: 33.202808 ms  DeleteObjects: 0.045073 ms)

AssetImportParameters requested are different than current active one (requested -> active):
  custom:video-decoder-ogg-theora: a1e56fd34408186e4bbccfd4996cb3dc -> 
  custom:container-muxer-webm: aa71ff27fc2769a1b78a27578f13a17b -> 
  custom:container-demuxer-webm: 4f35f7cbe854078d1ac9338744f61a02 -> 
  custom:video-encoder-webm-vp8: eb34c28f22e8b96e1ab97ce403110664 -> 
  custom:framework-osx-AVFoundation: e770b220cccbd017edd2c1fefb359320 -> 
  custom:audio-encoder-webm-vorbis: bf7c407c2cedff20999df2af8eb42d56 -> 
  custom:SearchIndexIgnoredProperties: e643bd26f0fe6173181afceb89e7c659 -> 
  custom:container-demuxer-ogg: 62fdf1f143b41e24485cea50d1cbac27 -> 
  custom:video-decoder-webm-vp8: 9c59270c3fd7afecdb556c50c9e8de78 -> 
  custom:audio-decoder-ogg-vorbis: bf7c407c2cedff20999df2af8eb42d56 -> 
Editor requested this worker to shutdown with reason: Scaling down because of idle timeout
AssetImportWorker is now disconnected from the server
Process exiting
